build/app/intermediates/manifest_merge_blame_file/release/manifest-merger-blame-release-report.txt
1<?xml version="1.0" encoding="utf-8"?>
2<manifest xmlns:android="http://schemas.android.com/apk/res/android"
3    package="com.example.diary_test"
4    android:versionCode="2"
5    android:versionName="1.0.0" >
6
7    <uses-sdk
8        android:minSdkVersion="19"
8-->src\main\AndroidManifest.xml
9        android:targetSdkVersion="28" />
9-->src\main\AndroidManifest.xml
10
11    <uses-permission android:name="android.permission.READ_EXTERNAL_STORAGE" />
11-->[:image_picker] AndroidManifest.xml:7:5-80
11-->[:image_picker] AndroidManifest.xml:7:22-77
12    <uses-permission android:name="android.permission.WRITE_EXTERNAL_STORAGE" />
12-->[:image_picker] AndroidManifest.xml:8:5-81
12-->[:image_picker] AndroidManifest.xml:8:22-78
13    <uses-permission android:name="android.permission.BLUETOOTH" />
13-->[:flutter_blue] AndroidManifest.xml:7:5-68
13-->[:flutter_blue] AndroidManifest.xml:7:22-65
14    <uses-permission android:name="android.permission.BLUETOOTH_ADMIN" />
14-->[:flutter_blue] AndroidManifest.xml:8:5-74
14-->[:flutter_blue] AndroidManifest.xml:8:22-71
15    <uses-permission android:name="android.permission.ACCESS_COARSE_LOCATION" />
15-->[:flutter_blue] AndroidManifest.xml:9:5-81
15-->[:flutter_blue] AndroidManifest.xml:9:22-78
16    <!--
17 io.flutter.app.FlutterApplication is an android.app.Application that
18         calls FlutterMain.startInitialization(this); in its onCreate method.
19         In most cases you can leave this as-is, but you if you want to provide
20         additional functionality it is fine to subclass or reimplement
21         FlutterApplication and put your custom class here.
22    -->
23    <application
23-->src\main\AndroidManifest.xml:8:5-31:19
24        android:name="io.flutter.app.FlutterApplication"
24-->src\main\AndroidManifest.xml:9:9-57
25        android:appComponentFactory="androidx.core.app.CoreComponentFactory"
25-->[androidx.core:core:1.0.2] AndroidManifest.xml:22:18-86
26        android:icon="@mipmap/ic_launcher"
26-->src\main\AndroidManifest.xml:11:9-43
27        android:label="DIARY" >
27-->src\main\AndroidManifest.xml:10:9-30
28        <activity
28-->src\main\AndroidManifest.xml:12:9-30:20
29            android:name="com.example.diary_test.MainActivity"
29-->src\main\AndroidManifest.xml:13:13-41
30            android:configChanges="orientation|keyboardHidden|keyboard|screenSize|locale|layoutDirection|fontScale|screenLayout|density|uiMode"
30-->src\main\AndroidManifest.xml:16:13-144
31            android:hardwareAccelerated="true"
31-->src\main\AndroidManifest.xml:17:13-47
32            android:launchMode="singleTop"
32-->src\main\AndroidManifest.xml:14:13-43
33            android:theme="@style/LaunchTheme"
33-->src\main\AndroidManifest.xml:15:13-47
34            android:windowSoftInputMode="adjustResize" >
34-->src\main\AndroidManifest.xml:18:13-55
35
36            <!--
37                 This keeps the window background of the activity showing
38                 until Flutter renders its first frame. It can be removed if
39                 there is no splash screen (such as the default splash screen
40                 defined in @style/LaunchTheme).
41            -->
42            <meta-data
42-->src\main\AndroidManifest.xml:23:13-25:40
43                android:name="io.flutter.app.android.SplashScreenUntilFirstFrame"
43-->src\main\AndroidManifest.xml:24:17-82
44                android:value="true" />
44-->src\main\AndroidManifest.xml:25:17-37
45
46            <intent-filter>
46-->src\main\AndroidManifest.xml:26:13-29:29
47                <action android:name="android.intent.action.MAIN" />
47-->src\main\AndroidManifest.xml:27:17-68
47-->src\main\AndroidManifest.xml:27:25-66
48
49                <category android:name="android.intent.category.LAUNCHER" />
49-->src\main\AndroidManifest.xml:28:17-76
49-->src\main\AndroidManifest.xml:28:27-74
50            </intent-filter>
51        </activity>
52
53        <provider
53-->[:image_picker] AndroidManifest.xml:11:9-19:20
54            android:name="io.flutter.plugins.imagepicker.ImagePickerFileProvider"
54-->[:image_picker] AndroidManifest.xml:12:13-82
55            android:authorities="com.example.diary_test.flutter.image_provider"
55-->[:image_picker] AndroidManifest.xml:13:13-74
56            android:exported="false"
56-->[:image_picker] AndroidManifest.xml:14:13-37
57            android:grantUriPermissions="true" >
57-->[:image_picker] AndroidManifest.xml:15:13-47
58            <meta-data
58-->[:image_picker] AndroidManifest.xml:16:13-18:75
59                android:name="android.support.FILE_PROVIDER_PATHS"
59-->[:image_picker] AndroidManifest.xml:17:17-67
60                android:resource="@xml/flutter_image_picker_file_paths" />
60-->[:image_picker] AndroidManifest.xml:18:17-72
61        </provider>
62    </application>
63
64</manifest>